<?xml version="1.0" encoding="UTF-8"?>
<!-- Generated by org.testng.reporters.JUnitXMLReporter -->
<testsuite ignored="0" hostname="Harmeet-PC" failures="0" tests="2" name="Default test" time="24.533" errors="0" timestamp="29 May 2020 05:43:52 GMT">
  <testcase classname="com.newProject.PracticeProject.TestStartPlanVacation" name="testClickChicago" time="3.979"/>
  <testcase classname="com.newProject.PracticeProject.TestStartPlanVacation" name="testClickOrlando" time="4.844"/>
</testsuite> <!-- Default test -->
