<?xml version="1.0" encoding="UTF-8"?>
<!-- Generated by org.testng.reporters.JUnitXMLReporter -->
<testsuite ignored="0" hostname="Harmeet-PC" failures="0" tests="3" name="Default test" time="102.234" errors="0" timestamp="21 Jun 2020 06:34:56 GMT">
  <testcase classname="com.newProject.PracticeProject.TestSearchCar" name="testCarSearch" time="24.308"/>
  <testcase classname="com.newProject.PracticeProject.TestSearchCar" name="testCarSearch" time="25.238"/>
  <testcase classname="com.newProject.PracticeProject.TestSearchCar" name="testCarSearch" time="24.473"/>
</testsuite> <!-- Default test -->
