<?xml version="1.0" encoding="UTF-8"?>
<testng-results ignored="0" total="1" passed="1" failed="0" skipped="0">
  <reporter-output>
  </reporter-output>
  <suite started-at="2020-06-04T05:30:26Z" name="Default suite" finished-at="2020-06-04T05:31:04Z" duration-ms="38601">
    <groups>
    </groups>
    <test started-at="2020-06-04T05:30:26Z" name="Default test" finished-at="2020-06-04T05:31:04Z" duration-ms="38601">
      <class name="com.newProject.PracticeProject.TestSearchCar">
        <test-method is-config="true" signature="initiateDriver(java.lang.String)[pri:0, instance:com.newProject.PracticeProject.TestSearchCar@2aa5fe93]" started-at="2020-06-04T05:30:26Z" name="initiateDriver" finished-at="2020-06-04T05:30:39Z" duration-ms="13395" status="PASS">
          <params>
            <param index="0">
              <value>
                <![CDATA[chrome]]>
              </value>
            </param>
          </params>
          <reporter-output>
          </reporter-output>
        </test-method> <!-- initiateDriver -->
        <test-method signature="testCarSearch()[pri:0, instance:com.newProject.PracticeProject.TestSearchCar@2aa5fe93]" started-at="2020-06-04T05:30:39Z" name="testCarSearch" finished-at="2020-06-04T05:31:04Z" duration-ms="25162" status="PASS">
          <reporter-output>
          </reporter-output>
        </test-method> <!-- testCarSearch -->
      </class> <!-- com.newProject.PracticeProject.TestSearchCar -->
    </test> <!-- Default test -->
  </suite> <!-- Default suite -->
</testng-results>
