<?xml version="1.0" encoding="UTF-8"?>
<testng-results ignored="0" total="2" passed="2" failed="0" skipped="0">
  <reporter-output>
  </reporter-output>
  <suite started-at="2020-05-29T05:43:28Z" name="Default suite" finished-at="2020-05-29T05:43:52Z" duration-ms="24533">
    <groups>
    </groups>
    <test started-at="2020-05-29T05:43:28Z" name="Default test" finished-at="2020-05-29T05:43:52Z" duration-ms="24533">
      <class name="com.newProject.PracticeProject.TestStartPlanVacation">
        <test-method is-config="true" signature="initiateDriver(java.lang.String)[pri:0, instance:com.newProject.PracticeProject.TestStartPlanVacation@5c1a8622]" started-at="2020-05-29T05:43:28Z" name="initiateDriver" finished-at="2020-05-29T05:43:35Z" duration-ms="7346" status="PASS">
          <params>
            <param index="0">
              <value>
                <![CDATA[chrome]]>
              </value>
            </param>
          </params>
          <reporter-output>
          </reporter-output>
        </test-method> <!-- initiateDriver -->
        <test-method signature="testClickChicago()[pri:0, instance:com.newProject.PracticeProject.TestStartPlanVacation@5c1a8622]" started-at="2020-05-29T05:43:35Z" name="testClickChicago" finished-at="2020-05-29T05:43:39Z" duration-ms="3979" status="PASS">
          <reporter-output>
          </reporter-output>
        </test-method> <!-- testClickChicago -->
        <test-method is-config="true" signature="initiateDriver(java.lang.String)[pri:0, instance:com.newProject.PracticeProject.TestStartPlanVacation@5c1a8622]" started-at="2020-05-29T05:43:39Z" name="initiateDriver" finished-at="2020-05-29T05:43:47Z" duration-ms="8335" status="PASS">
          <params>
            <param index="0">
              <value>
                <![CDATA[chrome]]>
              </value>
            </param>
          </params>
          <reporter-output>
          </reporter-output>
        </test-method> <!-- initiateDriver -->
        <test-method signature="testClickOrlando()[pri:0, instance:com.newProject.PracticeProject.TestStartPlanVacation@5c1a8622]" started-at="2020-05-29T05:43:47Z" name="testClickOrlando" finished-at="2020-05-29T05:43:52Z" duration-ms="4844" status="PASS">
          <reporter-output>
          </reporter-output>
        </test-method> <!-- testClickOrlando -->
      </class> <!-- com.newProject.PracticeProject.TestStartPlanVacation -->
    </test> <!-- Default test -->
  </suite> <!-- Default suite -->
</testng-results>
